<?xml version="1.0" encoding="UTF-8"?>
<testng-results skipped="0" failed="0" ignored="0" total="1" passed="1">
  <reporter-output>
  </reporter-output>
  <suite name="Default suite" duration-ms="14333" started-at="2017-02-15T21:19:20Z" finished-at="2017-02-15T21:19:35Z">
    <groups>
    </groups>
    <test name="Default test" duration-ms="14333" started-at="2017-02-15T21:19:20Z" finished-at="2017-02-15T21:19:35Z">
      <class name="pages.TestFinance">
        <test-method status="PASS" signature="SetBrowser()[pri:0, instance:pages.TestFinance@e45f292]" name="SetBrowser" is-config="true" duration-ms="4143" started-at="2017-02-15T16:19:20Z" finished-at="2017-02-15T16:19:25Z">
          <reporter-output>
          </reporter-output>
        </test-method> <!-- SetBrowser -->
        <test-method status="PASS" signature="testnglogin()[pri:0, instance:pages.TestFinance@e45f292]" name="testnglogin" duration-ms="10165" started-at="2017-02-15T16:19:25Z" finished-at="2017-02-15T16:19:35Z">
          <reporter-output>
          </reporter-output>
        </test-method> <!-- testnglogin -->
      </class> <!-- pages.TestFinance -->
    </test> <!-- Default test -->
  </suite> <!-- Default suite -->
</testng-results>
